<?xml version="1.0" encoding="UTF-8"?>
<!-- Generated by org.testng.reporters.JUnitReportReporter -->
<testsuite hostname="DESKTOP-8BIQ62C" failures="0" tests="1" name="CanvasTest.TestRunner" time="0.014" errors="0" timestamp="2022-10-17T11:06:58 IST" skipped="0">
  <testcase classname="CanvasTest.TestRunner" name="TestCase1" time="0.014"/>
  <system-out/>
</testsuite> <!-- CanvasTest.TestRunner -->
